sample.interval=20000
"lm" 
"lm" 
"lm" 
".External" "terms.formula" "terms" "model.frame.default" "<Anonymous>" "eval" "eval" "lm" 
".External" "terms.formula" "terms" "model.frame.default" "<Anonymous>" "eval" "eval" "lm" 
".External" "terms.formula" "terms" "model.frame.default" "<Anonymous>" "eval" "eval" "lm" 
".External" "terms.formula" "terms" "model.frame.default" "<Anonymous>" "eval" "eval" "lm" 
"methodsPackageMetaName" "classMetaName" "getClassDef" "is" "doTryCatch" "tryCatchOne" "tryCatchList" "tryCatch" ".rs.valueDescription" "<Anonymous>" 
"lazyLoadDBfetch" "model.frame.default" "<Anonymous>" "eval" "eval" "lm" 
"lazyLoadDBfetch" "makepredictcall" "model.frame.default" "<Anonymous>" "eval" "eval" "lm" 
"lazyLoadDBfetch" "na.omit" ".External2" "model.frame.default" "<Anonymous>" "eval" "eval" "lm" 
"lazyLoadDBfetch" "na.omit.data.frame" "na.omit" ".External2" "model.frame.default" "<Anonymous>" "eval" "eval" "lm" 
"lazyLoadDBfetch" "dim" "dim" "nrow" "logical" "na.omit.data.frame" "na.omit" ".External2" "model.frame.default" "<Anonymous>" "eval" "eval" "lm" 
"lazyLoadDBfetch" "[" "na.omit.data.frame" "na.omit" ".External2" "model.frame.default" "<Anonymous>" "eval" "eval" "lm" 
"match" "%in%" "[[.data.frame" "[[" "model.frame.default" "<Anonymous>" "eval" "eval" "lm" 
"lazyLoadDBfetch" "terms" "is.empty.model" "lm" 
".Call" "lm.fit" "lm" 
".Call" "lm.fit" "lm" 
".Call" "lm.fit" "lm" 
".Call" "lm.fit" "lm" 
".Call" "lm.fit" "lm" 
"lazyLoadDBfetch" "lm.fit" "lm" 
"lazyLoadDBfetch" "match" "%in%" "is" "doTryCatch" "tryCatchOne" "tryCatchList" "tryCatch" ".rs.valueAsString" "<Anonymous>" 
"lazyLoadDBfetch" "is" "doTryCatch" "tryCatchOne" "tryCatchList" "tryCatch" ".rs.valueAsString" "<Anonymous>" 
"cat" "str.default" "str" "doTryCatch" "tryCatchOne" "tryCatchList" "tryCatch" "try" "eval" "eval" "withVisible" "evalVis" "capture.output" ".rs.valueFromStr" "doTryCatch" "tryCatchOne" "tryCatchList" "tryCatch" ".rs.valueContents" "<Anonymous>" 
"str.default" "str" "<Anonymous>" "do.call" "strSub" "str.default" "str" "doTryCatch" "tryCatchOne" "tryCatchList" "tryCatch" "try" "eval" "eval" "withVisible" "evalVis" "capture.output" ".rs.valueFromStr" "doTryCatch" "tryCatchOne" "tryCatchList" "tryCatch" ".rs.valueContents" "<Anonymous>" 
"lazyLoadDBfetch" "maybe_truncate" "str.default" "str" "<Anonymous>" "do.call" "strSub" "str.default" "str" "<Anonymous>" "do.call" "strSub" "str.default" "str" "doTryCatch" "tryCatchOne" "tryCatchList" "tryCatch" "try" "eval" "eval" "withVisible" "evalVis" "capture.output" ".rs.valueFromStr" "doTryCatch" "tryCatchOne" "tryCatchList" "tryCatch" ".rs.valueContents" "<Anonymous>" 
"sapply" "prettyNum" "format.default" "format" "format.fun" "paste" "formObj" "cat" "str.default" "str" "<Anonymous>" "do.call" "strSub" "str.default" "str" "doTryCatch" "tryCatchOne" "tryCatchList" "tryCatch" "try" "eval" "eval" "withVisible" "evalVis" "capture.output" ".rs.valueFromStr" "doTryCatch" "tryCatchOne" "tryCatchList" "tryCatch" ".rs.valueContents" "<Anonymous>" 
"as.list.default" "as.list" "strSub" "str.default" "str" "doTryCatch" "tryCatchOne" "tryCatchList" "tryCatch" "try" "eval" "eval" "withVisible" "evalVis" "capture.output" ".rs.valueFromStr" "doTryCatch" "tryCatchOne" "tryCatchList" "tryCatch" ".rs.valueContents" "<Anonymous>" 
"FUN" "lapply" "do.call" "strSub" "str.default" "str" "doTryCatch" "tryCatchOne" "tryCatchList" "tryCatch" "try" "eval" "eval" "withVisible" "evalVis" "capture.output" ".rs.valueFromStr" "doTryCatch" "tryCatchOne" "tryCatchList" "tryCatch" ".rs.valueContents" "<Anonymous>" 
"parent.frame" "eval" "FUN" "lapply" "strSub" "str.default" "str" "<Anonymous>" "do.call" "strSub" "str.default" "str" "<Anonymous>" "do.call" "strSub" "str.default" "str" "doTryCatch" "tryCatchOne" "tryCatchList" "tryCatch" "try" "eval" "eval" "withVisible" "evalVis" "capture.output" ".rs.valueFromStr" "doTryCatch" "tryCatchOne" "tryCatchList" "tryCatch" ".rs.valueContents" "<Anonymous>" 
"unique" "simplify2array" "sapply" "prettyNum" "format.default" "format" "format.fun" "paste" "formObj" "cat" "str.default" "str" "<Anonymous>" "do.call" "strSub" "str.default" "str" "<Anonymous>" "do.call" "strSub" "str.default" "str" "doTryCatch" "tryCatchOne" "tryCatchList" "tryCatch" "try" "eval" "eval" "withVisible" "evalVis" "capture.output" ".rs.valueFromStr" "doTryCatch" "tryCatchOne" "tryCatchList" "tryCatch" ".rs.valueContents" "<Anonymous>" 
"names" "str.default" "str" "<Anonymous>" "do.call" "strSub" "str.default" "str" "<Anonymous>" "do.call" "strSub" "str.default" "str" "doTryCatch" "tryCatchOne" "tryCatchList" "tryCatch" "try" "eval" "eval" "withVisible" "evalVis" "capture.output" ".rs.valueFromStr" "doTryCatch" "tryCatchOne" "tryCatchList" "tryCatch" ".rs.valueContents" "<Anonymous>" 
"FUN" "lapply" "do.call" "strSub" "str.default" "str" "<Anonymous>" "do.call" "strSub" "str.default" "str" "<Anonymous>" "do.call" "strSub" "str.default" "str" "doTryCatch" "tryCatchOne" "tryCatchList" "tryCatch" "try" "eval" "eval" "withVisible" "evalVis" "capture.output" ".rs.valueFromStr" "doTryCatch" "tryCatchOne" "tryCatchList" "tryCatch" ".rs.valueContents" "<Anonymous>" 
"FUN" "lapply" "do.call" "strSub" "str.default" "str" "<Anonymous>" "do.call" "strSub" "str.default" "str" "<Anonymous>" "do.call" "strSub" "str.default" "str" "<Anonymous>" "do.call" "strSub" "str.default" "str" "doTryCatch" "tryCatchOne" "tryCatchList" "tryCatch" "try" "eval" "eval" "withVisible" "evalVis" "capture.output" ".rs.valueFromStr" "doTryCatch" "tryCatchOne" "tryCatchList" "tryCatch" ".rs.valueContents" "<Anonymous>" 
"str.default" "str" "<Anonymous>" "do.call" "strSub" "str.default" "str" "<Anonymous>" "do.call" "strSub" "str.default" "str" "<Anonymous>" "do.call" "strSub" "str.default" "str" "<Anonymous>" "do.call" "strSub" "str.default" "str" "<Anonymous>" "do.call" "strSub" "str.default" "str" "doTryCatch" "tryCatchOne" "tryCatchList" "tryCatch" "try" "eval" "eval" "withVisible" "evalVis" "capture.output" ".rs.valueFromStr" "doTryCatch" "tryCatchOne" "tryCatchList" "tryCatch" ".rs.valueContents" "<Anonymous>" 
"paste0" "cat" "str.default" "str" "<Anonymous>" "do.call" "strSub" "str.default" "str" "<Anonymous>" "do.call" "strSub" "str.default" "str" "<Anonymous>" "do.call" "strSub" "str.default" "str" "doTryCatch" "tryCatchOne" "tryCatchList" "tryCatch" "try" "eval" "eval" "withVisible" "evalVis" "capture.output" ".rs.valueFromStr" "doTryCatch" "tryCatchOne" "tryCatchList" "tryCatch" ".rs.valueContents" "<Anonymous>" 
"str" "<Anonymous>" "do.call" "strSub" "str.default" "str" "doTryCatch" "tryCatchOne" "tryCatchList" "tryCatch" "try" "eval" "eval" "withVisible" "evalVis" "capture.output" ".rs.valueFromStr" "doTryCatch" "tryCatchOne" "tryCatchList" "tryCatch" ".rs.valueContents" "<Anonymous>" 
"list" "strOptions" "stopifnot" "modifyList" "str.default" "NextMethod" "str.data.frame" "str" "<Anonymous>" "do.call" "strSub" "str.default" "str" "doTryCatch" "tryCatchOne" "tryCatchList" "tryCatch" "try" "eval" "eval" "withVisible" "evalVis" "capture.output" ".rs.valueFromStr" "doTryCatch" "tryCatchOne" "tryCatchList" "tryCatch" ".rs.valueContents" "<Anonymous>" 
"str.default" "str" "<Anonymous>" "do.call" "strSub" "str.default" "str" "<Anonymous>" "do.call" "strSub" "str.default" "str" "<Anonymous>" "do.call" "strSub" "str.default" "str" "<Anonymous>" "do.call" "strSub" "str.default" "NextMethod" "str.data.frame" "str" "<Anonymous>" "do.call" "strSub" "str.default" "str" "doTryCatch" "tryCatchOne" "tryCatchList" "tryCatch" "try" "eval" "eval" "withVisible" "evalVis" "capture.output" ".rs.valueFromStr" "doTryCatch" "tryCatchOne" "tryCatchList" "tryCatch" ".rs.valueContents" "<Anonymous>" 
"%in%" "modifyList" "str.default" "str" "<Anonymous>" "do.call" "strSub" "str.default" "str" "doTryCatch" "tryCatchOne" "tryCatchList" "tryCatch" "try" "eval" "eval" "withVisible" "evalVis" "capture.output" ".rs.valueFromStr" "doTryCatch" "tryCatchOne" "tryCatchList" "tryCatch" ".rs.valueContents" "<Anonymous>" 
