150828 12:02:36 [Note] D:\Soft\PHP\PHPnow-1.5.6\MySQL-5.0.90\bin\mysqld-nt.exe: ready for connections.
Version: '5.0.90-community-nt'  socket: ''  port: 3306  MySQL Community Edition (GPL)
150828 23:08:51 [Note] D:\Soft\PHP\PHPnow-1.5.6\MySQL-5.0.90\bin\mysqld-nt.exe: Normal shutdown

150829  8:16:51 [Note] D:\Soft\PHP\PHPnow-1.5.6\MySQL-5.0.90\bin\mysqld-nt.exe: ready for connections.
Version: '5.0.90-community-nt'  socket: ''  port: 3306  MySQL Community Edition (GPL)
150829 23:08:20 [Note] D:\Soft\PHP\PHPnow-1.5.6\MySQL-5.0.90\bin\mysqld-nt.exe: Normal shutdown

150829 23:08:21 [Note] D:\Soft\PHP\PHPnow-1.5.6\MySQL-5.0.90\bin\mysqld-nt.exe: Shutdown complete

150830  7:53:14 [Note] D:\Soft\PHP\PHPnow-1.5.6\MySQL-5.0.90\bin\mysqld-nt.exe: ready for connections.
Version: '5.0.90-community-nt'  socket: ''  port: 3306  MySQL Community Edition (GPL)
150830 23:30:05 [Note] D:\Soft\PHP\PHPnow-1.5.6\MySQL-5.0.90\bin\mysqld-nt.exe: Normal shutdown

150830 23:30:06 [Note] D:\Soft\PHP\PHPnow-1.5.6\MySQL-5.0.90\bin\mysqld-nt.exe: Shutdown complete

150831  9:39:16 [Note] D:\Soft\PHP\PHPnow-1.5.6\MySQL-5.0.90\bin\mysqld-nt.exe: ready for connections.
Version: '5.0.90-community-nt'  socket: ''  port: 3306  MySQL Community Edition (GPL)
150831 23:08:55 [Note] D:\Soft\PHP\PHPnow-1.5.6\MySQL-5.0.90\bin\mysqld-nt.exe: Normal shutdown

150831 23:08:56 [Note] D:\Soft\PHP\PHPnow-1.5.6\MySQL-5.0.90\bin\mysqld-nt.exe: Shutdown complete

150901  7:49:15 [Note] D:\Soft\PHP\PHPnow-1.5.6\MySQL-5.0.90\bin\mysqld-nt.exe: ready for connections.
Version: '5.0.90-community-nt'  socket: ''  port: 3306  MySQL Community Edition (GPL)
150901 22:39:41 [Note] D:\Soft\PHP\PHPnow-1.5.6\MySQL-5.0.90\bin\mysqld-nt.exe: Normal shutdown

150901 22:39:42 [Note] D:\Soft\PHP\PHPnow-1.5.6\MySQL-5.0.90\bin\mysqld-nt.exe: Shutdown complete

150902  7:52:00 [Note] D:\Soft\PHP\PHPnow-1.5.6\MySQL-5.0.90\bin\mysqld-nt.exe: ready for connections.
Version: '5.0.90-community-nt'  socket: ''  port: 3306  MySQL Community Edition (GPL)
150902 15:48:44 [Note] D:\Soft\PHP\PHPnow-1.5.6\MySQL-5.0.90\bin\mysqld-nt.exe: Normal shutdown

150902 15:48:46 [Note] D:\Soft\PHP\PHPnow-1.5.6\MySQL-5.0.90\bin\mysqld-nt.exe: Shutdown complete

150902 15:49:33 [Note] D:\Soft\PHP\PHPnow-1.5.6\MySQL-5.0.90\bin\mysqld-nt.exe: ready for connections.
Version: '5.0.90-community-nt'  socket: ''  port: 3306  MySQL Community Edition (GPL)
150902 15:50:47 [Note] D:\Soft\PHP\PHPnow-1.5.6\MySQL-5.0.90\bin\mysqld-nt.exe: Normal shutdown

150902 15:50:47 [Note] D:\Soft\PHP\PHPnow-1.5.6\MySQL-5.0.90\bin\mysqld-nt.exe: Shutdown complete

150902 15:51:36 [Note] D:\Soft\PHP\PHPnow-1.5.6\MySQL-5.0.90\bin\mysqld-nt.exe: ready for connections.
Version: '5.0.90-community-nt'  socket: ''  port: 3306  MySQL Community Edition (GPL)
150902 15:52:33 [Note] D:\Soft\PHP\PHPnow-1.5.6\MySQL-5.0.90\bin\mysqld-nt.exe: Normal shutdown

150902 15:52:33 [Note] D:\Soft\PHP\PHPnow-1.5.6\MySQL-5.0.90\bin\mysqld-nt.exe: Shutdown complete

150902  8:33:46 [Note] D:\Soft\PHP\PHPnow-1.5.6\MySQL-5.0.90\bin\mysqld-nt.exe: ready for connections.
Version: '5.0.90-community-nt'  socket: ''  port: 3306  MySQL Community Edition (GPL)
150902  8:35:14 [Note] D:\Soft\PHP\PHPnow-1.5.6\MySQL-5.0.90\bin\mysqld-nt.exe: Normal shutdown

150902  8:35:14 [Note] D:\Soft\PHP\PHPnow-1.5.6\MySQL-5.0.90\bin\mysqld-nt.exe: Shutdown complete

150902 11:48:01 [Note] D:\Soft\PHP\PHPnow-1.5.6\MySQL-5.0.90\bin\mysqld-nt.exe: ready for connections.
Version: '5.0.90-community-nt'  socket: ''  port: 3306  MySQL Community Edition (GPL)
150903  0:27:00 [Note] D:\Soft\PHP\PHPnow-1.5.6\MySQL-5.0.90\bin\mysqld-nt.exe: Normal shutdown

150903  0:27:01 [Note] D:\Soft\PHP\PHPnow-1.5.6\MySQL-5.0.90\bin\mysqld-nt.exe: Shutdown complete

150905 10:08:33 [Note] D:\Soft\PHP\PHPnow-1.5.6\MySQL-5.0.90\bin\mysqld-nt.exe: ready for connections.
Version: '5.0.90-community-nt'  socket: ''  port: 3306  MySQL Community Edition (GPL)
150905 22:52:42 [Note] D:\Soft\PHP\PHPnow-1.5.6\MySQL-5.0.90\bin\mysqld-nt.exe: Normal shutdown

150905 22:52:42 [Note] D:\Soft\PHP\PHPnow-1.5.6\MySQL-5.0.90\bin\mysqld-nt.exe: Shutdown complete

150906  8:01:40 [Note] D:\Soft\PHP\PHPnow-1.5.6\MySQL-5.0.90\bin\mysqld-nt.exe: ready for connections.
Version: '5.0.90-community-nt'  socket: ''  port: 3306  MySQL Community Edition (GPL)
150906 22:53:00 [Note] D:\Soft\PHP\PHPnow-1.5.6\MySQL-5.0.90\bin\mysqld-nt.exe: Normal shutdown

150906 22:53:01 [Note] D:\Soft\PHP\PHPnow-1.5.6\MySQL-5.0.90\bin\mysqld-nt.exe: Shutdown complete

150907  8:10:46 [Note] D:\Soft\PHP\PHPnow-1.5.6\MySQL-5.0.90\bin\mysqld-nt.exe: ready for connections.
Version: '5.0.90-community-nt'  socket: ''  port: 3306  MySQL Community Edition (GPL)
150908 17:22:54 [Note] D:\Soft\PHP\PHPnow-1.5.6\MySQL-5.0.90\bin\mysqld-nt.exe: Normal shutdown

150908 17:22:58 [Note] D:\Soft\PHP\PHPnow-1.5.6\MySQL-5.0.90\bin\mysqld-nt.exe: Shutdown complete

150908 17:44:45 [Note] D:\Soft\PHP\PHPnow-1.5.6\MySQL-5.0.90\bin\mysqld-nt.exe: ready for connections.
Version: '5.0.90-community-nt'  socket: ''  port: 3306  MySQL Community Edition (GPL)
150910 23:01:19 [Note] D:\Soft\PHP\PHPnow-1.5.6\MySQL-5.0.90\bin\mysqld-nt.exe: Normal shutdown

150910 23:01:21 [Note] D:\Soft\PHP\PHPnow-1.5.6\MySQL-5.0.90\bin\mysqld-nt.exe: Shutdown complete

150911  8:07:51 [Note] D:\Soft\PHP\PHPnow-1.5.6\MySQL-5.0.90\bin\mysqld-nt.exe: ready for connections.
Version: '5.0.90-community-nt'  socket: ''  port: 3306  MySQL Community Edition (GPL)
150911 15:30:07 [Note] D:\Soft\PHP\PHPnow-1.5.6\MySQL-5.0.90\bin\mysqld-nt.exe: Normal shutdown

150911 15:30:09 [Note] D:\Soft\PHP\PHPnow-1.5.6\MySQL-5.0.90\bin\mysqld-nt.exe: Shutdown complete

150911 15:47:45 [Note] D:\Soft\PHP\PHPnow-1.5.6\MySQL-5.0.90\bin\mysqld-nt.exe: ready for connections.
Version: '5.0.90-community-nt'  socket: ''  port: 3306  MySQL Community Edition (GPL)
150911 23:26:50 [Note] D:\Soft\PHP\PHPnow-1.5.6\MySQL-5.0.90\bin\mysqld-nt.exe: Normal shutdown

150911 23:26:51 [Note] D:\Soft\PHP\PHPnow-1.5.6\MySQL-5.0.90\bin\mysqld-nt.exe: Shutdown complete

150912  8:15:47 [Note] D:\Soft\PHP\PHPnow-1.5.6\MySQL-5.0.90\bin\mysqld-nt.exe: ready for connections.
Version: '5.0.90-community-nt'  socket: ''  port: 3306  MySQL Community Edition (GPL)
150914  0:34:04 [Note] D:\Soft\PHP\PHPnow-1.5.6\MySQL-5.0.90\bin\mysqld-nt.exe: Normal shutdown

150914  0:34:07 [Note] D:\Soft\PHP\PHPnow-1.5.6\MySQL-5.0.90\bin\mysqld-nt.exe: Shutdown complete

150914  8:07:56 [Note] D:\Soft\PHP\PHPnow-1.5.6\MySQL-5.0.90\bin\mysqld-nt.exe: ready for connections.
Version: '5.0.90-community-nt'  socket: ''  port: 3306  MySQL Community Edition (GPL)
150914 23:21:28 [Note] D:\Soft\PHP\PHPnow-1.5.6\MySQL-5.0.90\bin\mysqld-nt.exe: Normal shutdown

150914 23:21:30 [Note] D:\Soft\PHP\PHPnow-1.5.6\MySQL-5.0.90\bin\mysqld-nt.exe: Shutdown complete

150915  8:08:37 [Note] D:\Soft\PHP\PHPnow-1.5.6\MySQL-5.0.90\bin\mysqld-nt.exe: ready for connections.
Version: '5.0.90-community-nt'  socket: ''  port: 3306  MySQL Community Edition (GPL)
150915 23:34:37 [Note] D:\Soft\PHP\PHPnow-1.5.6\MySQL-5.0.90\bin\mysqld-nt.exe: Normal shutdown

150915 23:34:38 [Note] D:\Soft\PHP\PHPnow-1.5.6\MySQL-5.0.90\bin\mysqld-nt.exe: Shutdown complete

150916  8:02:12 [Note] D:\Soft\PHP\PHPnow-1.5.6\MySQL-5.0.90\bin\mysqld-nt.exe: ready for connections.
Version: '5.0.90-community-nt'  socket: ''  port: 3306  MySQL Community Edition (GPL)
150916 23:32:23 [Note] D:\Soft\PHP\PHPnow-1.5.6\MySQL-5.0.90\bin\mysqld-nt.exe: Normal shutdown

150916 23:32:24 [Note] D:\Soft\PHP\PHPnow-1.5.6\MySQL-5.0.90\bin\mysqld-nt.exe: Shutdown complete

150917  8:08:00 [Note] D:\Soft\PHP\PHPnow-1.5.6\MySQL-5.0.90\bin\mysqld-nt.exe: ready for connections.
Version: '5.0.90-community-nt'  socket: ''  port: 3306  MySQL Community Edition (GPL)
150917 23:56:10 [Note] D:\Soft\PHP\PHPnow-1.5.6\MySQL-5.0.90\bin\mysqld-nt.exe: Normal shutdown

150917 23:56:12 [Note] D:\Soft\PHP\PHPnow-1.5.6\MySQL-5.0.90\bin\mysqld-nt.exe: Shutdown complete

150918  8:10:12 [Note] D:\Soft\PHP\PHPnow-1.5.6\MySQL-5.0.90\bin\mysqld-nt.exe: ready for connections.
Version: '5.0.90-community-nt'  socket: ''  port: 3306  MySQL Community Edition (GPL)
150920  0:12:08 [Note] D:\Soft\PHP\PHPnow-1.5.6\MySQL-5.0.90\bin\mysqld-nt.exe: Normal shutdown

150920  0:12:12 [Note] D:\Soft\PHP\PHPnow-1.5.6\MySQL-5.0.90\bin\mysqld-nt.exe: Shutdown complete

150920  8:15:49 [Note] D:\Soft\PHP\PHPnow-1.5.6\MySQL-5.0.90\bin\mysqld-nt.exe: ready for connections.
Version: '5.0.90-community-nt'  socket: ''  port: 3306  MySQL Community Edition (GPL)
150920 23:33:23 [Note] D:\Soft\PHP\PHPnow-1.5.6\MySQL-5.0.90\bin\mysqld-nt.exe: Normal shutdown

150920 23:33:25 [Note] D:\Soft\PHP\PHPnow-1.5.6\MySQL-5.0.90\bin\mysqld-nt.exe: Shutdown complete

150921  8:19:01 [Note] D:\Soft\PHP\PHPnow-1.5.6\MySQL-5.0.90\bin\mysqld-nt.exe: ready for connections.
Version: '5.0.90-community-nt'  socket: ''  port: 3306  MySQL Community Edition (GPL)
150922 23:15:16 [Note] D:\Soft\PHP\PHPnow-1.5.6\MySQL-5.0.90\bin\mysqld-nt.exe: Normal shutdown

150922 23:15:17 [Note] D:\Soft\PHP\PHPnow-1.5.6\MySQL-5.0.90\bin\mysqld-nt.exe: Shutdown complete

150923  8:01:41 [Note] D:\Soft\PHP\PHPnow-1.5.6\MySQL-5.0.90\bin\mysqld-nt.exe: ready for connections.
Version: '5.0.90-community-nt'  socket: ''  port: 3306  MySQL Community Edition (GPL)
150923 23:38:17 [Note] D:\Soft\PHP\PHPnow-1.5.6\MySQL-5.0.90\bin\mysqld-nt.exe: Normal shutdown

150923 23:38:17 [Note] D:\Soft\PHP\PHPnow-1.5.6\MySQL-5.0.90\bin\mysqld-nt.exe: Shutdown complete

150924  8:11:23 [Note] D:\Soft\PHP\PHPnow-1.5.6\MySQL-5.0.90\bin\mysqld-nt.exe: ready for connections.
Version: '5.0.90-community-nt'  socket: ''  port: 3306  MySQL Community Edition (GPL)
150925 23:23:15 [Note] D:\Soft\PHP\PHPnow-1.5.6\MySQL-5.0.90\bin\mysqld-nt.exe: Normal shutdown

150925 23:23:19 [Note] D:\Soft\PHP\PHPnow-1.5.6\MySQL-5.0.90\bin\mysqld-nt.exe: Shutdown complete

150927 18:04:08 [Note] D:\Soft\PHP\PHPnow-1.5.6\MySQL-5.0.90\bin\mysqld-nt.exe: ready for connections.
Version: '5.0.90-community-nt'  socket: ''  port: 3306  MySQL Community Edition (GPL)
150928 23:28:24 [Note] D:\Soft\PHP\PHPnow-1.5.6\MySQL-5.0.90\bin\mysqld-nt.exe: Normal shutdown

150928 23:28:26 [Note] D:\Soft\PHP\PHPnow-1.5.6\MySQL-5.0.90\bin\mysqld-nt.exe: Shutdown complete

150929  8:13:08 [Note] D:\Soft\PHP\PHPnow-1.5.6\MySQL-5.0.90\bin\mysqld-nt.exe: ready for connections.
Version: '5.0.90-community-nt'  socket: ''  port: 3306  MySQL Community Edition (GPL)
150929 23:30:03 [Note] D:\Soft\PHP\PHPnow-1.5.6\MySQL-5.0.90\bin\mysqld-nt.exe: Normal shutdown

150929 23:30:04 [Note] D:\Soft\PHP\PHPnow-1.5.6\MySQL-5.0.90\bin\mysqld-nt.exe: Shutdown complete

150930  8:14:46 [Note] D:\Soft\PHP\PHPnow-1.5.6\MySQL-5.0.90\bin\mysqld-nt.exe: ready for connections.
Version: '5.0.90-community-nt'  socket: ''  port: 3306  MySQL Community Edition (GPL)
150930 23:23:17 [Note] D:\Soft\PHP\PHPnow-1.5.6\MySQL-5.0.90\bin\mysqld-nt.exe: Normal shutdown

150930 23:23:18 [Note] D:\Soft\PHP\PHPnow-1.5.6\MySQL-5.0.90\bin\mysqld-nt.exe: Shutdown complete

151001  8:20:22 [Note] D:\Soft\PHP\PHPnow-1.5.6\MySQL-5.0.90\bin\mysqld-nt.exe: ready for connections.
Version: '5.0.90-community-nt'  socket: ''  port: 3306  MySQL Community Edition (GPL)
151002  0:28:59 [Note] D:\Soft\PHP\PHPnow-1.5.6\MySQL-5.0.90\bin\mysqld-nt.exe: Normal shutdown

151002  0:29:01 [Note] D:\Soft\PHP\PHPnow-1.5.6\MySQL-5.0.90\bin\mysqld-nt.exe: Shutdown complete

151002  8:48:42 [Note] D:\Soft\PHP\PHPnow-1.5.6\MySQL-5.0.90\bin\mysqld-nt.exe: ready for connections.
Version: '5.0.90-community-nt'  socket: ''  port: 3306  MySQL Community Edition (GPL)
151003  0:47:34 [Note] D:\Soft\PHP\PHPnow-1.5.6\MySQL-5.0.90\bin\mysqld-nt.exe: Normal shutdown

151003  0:47:37 [Note] D:\Soft\PHP\PHPnow-1.5.6\MySQL-5.0.90\bin\mysqld-nt.exe: Shutdown complete

151003  9:00:11 [Note] D:\Soft\PHP\PHPnow-1.5.6\MySQL-5.0.90\bin\mysqld-nt.exe: ready for connections.
Version: '5.0.90-community-nt'  socket: ''  port: 3306  MySQL Community Edition (GPL)
151003 23:37:22 [Note] D:\Soft\PHP\PHPnow-1.5.6\MySQL-5.0.90\bin\mysqld-nt.exe: Normal shutdown

151003 23:37:24 [Note] D:\Soft\PHP\PHPnow-1.5.6\MySQL-5.0.90\bin\mysqld-nt.exe: Shutdown complete

151004  8:37:05 [Note] D:\Soft\PHP\PHPnow-1.5.6\MySQL-5.0.90\bin\mysqld-nt.exe: ready for connections.
Version: '5.0.90-community-nt'  socket: ''  port: 3306  MySQL Community Edition (GPL)
151004 23:49:12 [Note] D:\Soft\PHP\PHPnow-1.5.6\MySQL-5.0.90\bin\mysqld-nt.exe: Normal shutdown

151004 23:49:15 [Note] D:\Soft\PHP\PHPnow-1.5.6\MySQL-5.0.90\bin\mysqld-nt.exe: Shutdown complete

151005  8:53:10 [Note] D:\Soft\PHP\PHPnow-1.5.6\MySQL-5.0.90\bin\mysqld-nt.exe: ready for connections.
Version: '5.0.90-community-nt'  socket: ''  port: 3306  MySQL Community Edition (GPL)
151006  0:12:46 [Note] D:\Soft\PHP\PHPnow-1.5.6\MySQL-5.0.90\bin\mysqld-nt.exe: Normal shutdown

151006  0:12:50 [Note] D:\Soft\PHP\PHPnow-1.5.6\MySQL-5.0.90\bin\mysqld-nt.exe: Shutdown complete

151006  8:21:46 [Note] D:\Soft\PHP\PHPnow-1.5.6\MySQL-5.0.90\bin\mysqld-nt.exe: ready for connections.
Version: '5.0.90-community-nt'  socket: ''  port: 3306  MySQL Community Edition (GPL)
151006  8:24:52 [Note] D:\Soft\PHP\PHPnow-1.5.6\MySQL-5.0.90\bin\mysqld-nt.exe: Normal shutdown

151006  8:24:52 [Note] D:\Soft\PHP\PHPnow-1.5.6\MySQL-5.0.90\bin\mysqld-nt.exe: Shutdown complete

151006  8:26:37 [Note] D:\Soft\PHP\PHPnow-1.5.6\MySQL-5.0.90\bin\mysqld-nt.exe: ready for connections.
Version: '5.0.90-community-nt'  socket: ''  port: 3306  MySQL Community Edition (GPL)
151007  0:22:53 [Note] D:\Soft\PHP\PHPnow-1.5.6\MySQL-5.0.90\bin\mysqld-nt.exe: Normal shutdown

151007  0:22:56 [Note] D:\Soft\PHP\PHPnow-1.5.6\MySQL-5.0.90\bin\mysqld-nt.exe: Shutdown complete

151007  9:05:49 [Note] D:\Soft\PHP\PHPnow-1.5.6\MySQL-5.0.90\bin\mysqld-nt.exe: ready for connections.
Version: '5.0.90-community-nt'  socket: ''  port: 3306  MySQL Community Edition (GPL)
151008  0:25:36 [Note] D:\Soft\PHP\PHPnow-1.5.6\MySQL-5.0.90\bin\mysqld-nt.exe: Normal shutdown

151008  0:25:38 [Note] D:\Soft\PHP\PHPnow-1.5.6\MySQL-5.0.90\bin\mysqld-nt.exe: Shutdown complete

151008  8:42:08 [Note] D:\Soft\PHP\PHPnow-1.5.6\MySQL-5.0.90\bin\mysqld-nt.exe: ready for connections.
Version: '5.0.90-community-nt'  socket: ''  port: 3306  MySQL Community Edition (GPL)
151008 23:39:46 [Note] D:\Soft\PHP\PHPnow-1.5.6\MySQL-5.0.90\bin\mysqld-nt.exe: Normal shutdown

151008 23:39:49 [Note] D:\Soft\PHP\PHPnow-1.5.6\MySQL-5.0.90\bin\mysqld-nt.exe: Shutdown complete

151009  8:36:18 [Note] D:\Soft\PHP\PHPnow-1.5.6\MySQL-5.0.90\bin\mysqld-nt.exe: ready for connections.
Version: '5.0.90-community-nt'  socket: ''  port: 3306  MySQL Community Edition (GPL)
151010  0:37:44 [Note] D:\Soft\PHP\PHPnow-1.5.6\MySQL-5.0.90\bin\mysqld-nt.exe: Normal shutdown

151010  0:37:48 [Note] D:\Soft\PHP\PHPnow-1.5.6\MySQL-5.0.90\bin\mysqld-nt.exe: Shutdown complete

151010  8:06:44 [Note] D:\Soft\PHP\PHPnow-1.5.6\MySQL-5.0.90\bin\mysqld-nt.exe: ready for connections.
Version: '5.0.90-community-nt'  socket: ''  port: 3306  MySQL Community Edition (GPL)
151011 23:27:42 [Note] D:\Soft\PHP\PHPnow-1.5.6\MySQL-5.0.90\bin\mysqld-nt.exe: Normal shutdown

151011 23:27:44 [Note] D:\Soft\PHP\PHPnow-1.5.6\MySQL-5.0.90\bin\mysqld-nt.exe: Shutdown complete

151012  8:34:49 [Note] D:\Soft\PHP\PHPnow-1.5.6\MySQL-5.0.90\bin\mysqld-nt.exe: ready for connections.
Version: '5.0.90-community-nt'  socket: ''  port: 3306  MySQL Community Edition (GPL)
151012 23:52:26 [Note] D:\Soft\PHP\PHPnow-1.5.6\MySQL-5.0.90\bin\mysqld-nt.exe: Normal shutdown

151012 23:52:29 [Note] D:\Soft\PHP\PHPnow-1.5.6\MySQL-5.0.90\bin\mysqld-nt.exe: Shutdown complete

151013  8:27:28 [Note] D:\Soft\PHP\PHPnow-1.5.6\MySQL-5.0.90\bin\mysqld-nt.exe: ready for connections.
Version: '5.0.90-community-nt'  socket: ''  port: 3306  MySQL Community Edition (GPL)
151013 23:51:24 [Note] D:\Soft\PHP\PHPnow-1.5.6\MySQL-5.0.90\bin\mysqld-nt.exe: Normal shutdown

151013 23:51:27 [Note] D:\Soft\PHP\PHPnow-1.5.6\MySQL-5.0.90\bin\mysqld-nt.exe: Shutdown complete

151014  8:16:46 [Note] D:\Soft\PHP\PHPnow-1.5.6\MySQL-5.0.90\bin\mysqld-nt.exe: ready for connections.
Version: '5.0.90-community-nt'  socket: ''  port: 3306  MySQL Community Edition (GPL)
151015  0:02:19 [Note] D:\Soft\PHP\PHPnow-1.5.6\MySQL-5.0.90\bin\mysqld-nt.exe: Normal shutdown

151015  0:02:24 [Note] D:\Soft\PHP\PHPnow-1.5.6\MySQL-5.0.90\bin\mysqld-nt.exe: Shutdown complete

151015  8:13:20 [Note] D:\Soft\PHP\PHPnow-1.5.6\MySQL-5.0.90\bin\mysqld-nt.exe: ready for connections.
Version: '5.0.90-community-nt'  socket: ''  port: 3306  MySQL Community Edition (GPL)
151015 23:53:48 [Note] D:\Soft\PHP\PHPnow-1.5.6\MySQL-5.0.90\bin\mysqld-nt.exe: Normal shutdown

151015 23:53:49 [Note] D:\Soft\PHP\PHPnow-1.5.6\MySQL-5.0.90\bin\mysqld-nt.exe: Shutdown complete

151016  8:17:29 [Note] D:\Soft\PHP\PHPnow-1.5.6\MySQL-5.0.90\bin\mysqld-nt.exe: ready for connections.
Version: '5.0.90-community-nt'  socket: ''  port: 3306  MySQL Community Edition (GPL)
151017  0:17:26 [Note] D:\Soft\PHP\PHPnow-1.5.6\MySQL-5.0.90\bin\mysqld-nt.exe: Normal shutdown

151017  0:17:28 [Note] D:\Soft\PHP\PHPnow-1.5.6\MySQL-5.0.90\bin\mysqld-nt.exe: Shutdown complete

151017  9:04:32 [Note] D:\Soft\PHP\PHPnow-1.5.6\MySQL-5.0.90\bin\mysqld-nt.exe: ready for connections.
Version: '5.0.90-community-nt'  socket: ''  port: 3306  MySQL Community Edition (GPL)
151018  0:26:48 [Note] D:\Soft\PHP\PHPnow-1.5.6\MySQL-5.0.90\bin\mysqld-nt.exe: Normal shutdown

151018  0:26:51 [Note] D:\Soft\PHP\PHPnow-1.5.6\MySQL-5.0.90\bin\mysqld-nt.exe: Shutdown complete

151018  8:19:55 [Note] D:\Soft\PHP\PHPnow-1.5.6\MySQL-5.0.90\bin\mysqld-nt.exe: ready for connections.
Version: '5.0.90-community-nt'  socket: ''  port: 3306  MySQL Community Edition (GPL)
151018 23:55:52 [Note] D:\Soft\PHP\PHPnow-1.5.6\MySQL-5.0.90\bin\mysqld-nt.exe: Normal shutdown

151018 23:55:54 [Note] D:\Soft\PHP\PHPnow-1.5.6\MySQL-5.0.90\bin\mysqld-nt.exe: Shutdown complete

151019  8:03:38 [Note] D:\Soft\PHP\PHPnow-1.5.6\MySQL-5.0.90\bin\mysqld-nt.exe: ready for connections.
Version: '5.0.90-community-nt'  socket: ''  port: 3306  MySQL Community Edition (GPL)
151019 23:36:14 [Note] D:\Soft\PHP\PHPnow-1.5.6\MySQL-5.0.90\bin\mysqld-nt.exe: Normal shutdown

151019 23:36:17 [Note] D:\Soft\PHP\PHPnow-1.5.6\MySQL-5.0.90\bin\mysqld-nt.exe: Shutdown complete

151020  8:30:37 [Note] D:\Soft\PHP\PHPnow-1.5.6\MySQL-5.0.90\bin\mysqld-nt.exe: ready for connections.
Version: '5.0.90-community-nt'  socket: ''  port: 3306  MySQL Community Edition (GPL)
151020 23:38:08 [Note] D:\Soft\PHP\PHPnow-1.5.6\MySQL-5.0.90\bin\mysqld-nt.exe: Normal shutdown

151020 23:38:11 [Note] D:\Soft\PHP\PHPnow-1.5.6\MySQL-5.0.90\bin\mysqld-nt.exe: Shutdown complete

151021  8:29:40 [Note] D:\Soft\PHP\PHPnow-1.5.6\MySQL-5.0.90\bin\mysqld-nt.exe: ready for connections.
Version: '5.0.90-community-nt'  socket: ''  port: 3306  MySQL Community Edition (GPL)
151021 15:00:08 [Note] D:\Soft\PHP\PHPnow-1.5.6\MySQL-5.0.90\bin\mysqld-nt.exe: Normal shutdown

151021 15:00:08 [Note] D:\Soft\PHP\PHPnow-1.5.6\MySQL-5.0.90\bin\mysqld-nt.exe: Shutdown complete

